{"/home/runner/work/hyper-local-market/hyper-local-market/services/web/src/components/atoms/index.ts": {"path":"/home/runner/work/hyper-local-market/hyper-local-market/services/web/src/components/atoms/index.ts","statementMap":{},"fnMap":{},"branchMap":{},"s":{},"f":{},"b":{},"meta":{"lastBranch":0,"lastFunction":0,"lastStatement":0,"seen":{}}}
,"/home/runner/work/hyper-local-market/hyper-local-market/services/web/src/components/atoms/Avatar/Avatar.tsx": {"path":"/home/runner/work/hyper-local-market/hyper-local-market/services/web/src/components/atoms/Avatar/Avatar.tsx","statementMap":{"0":{"start":{"line":14,"column":25},"end":{"line":30,"column":null}},"1":{"start":{"line":15,"column":17},"end":{"line":22,"column":null}},"2":{"start":{"line":24,"column":13},"end":{"line":24,"column":null}},"3":{"start":{"line":25,"column":2},"end":{"line":27,"column":null}},"4":{"start":{"line":25,"column":15},"end":{"line":25,"column":18}},"5":{"start":{"line":26,"column":4},"end":{"line":26,"column":null}},"6":{"start":{"line":29,"column":2},"end":{"line":29,"column":null}},"7":{"start":{"line":33,"column":20},"end":{"line":44,"column":null}},"8":{"start":{"line":34,"column":16},"end":{"line":34,"column":null}},"9":{"start":{"line":35,"column":2},"end":{"line":43,"column":null}},"10":{"start":{"line":36,"column":4},"end":{"line":36,"column":null}},"11":{"start":{"line":37,"column":2},"end":{"line":43,"column":null}},"12":{"start":{"line":38,"column":4},"end":{"line":38,"column":null}},"13":{"start":{"line":40,"column":18},"end":{"line":40,"column":null}},"14":{"start":{"line":41,"column":17},"end":{"line":41,"column":null}},"15":{"start":{"line":42,"column":4},"end":{"line":42,"column":null}},"16":{"start":{"line":46,"column":45},"end":{"line":97,"column":null}},"17":{"start":{"line":54,"column":34},"end":{"line":54,"column":null}},"18":{"start":{"line":56,"column":16},"end":{"line":61,"column":null}},"19":{"start":{"line":63,"column":22},"end":{"line":68,"column":null}},"20":{"start":{"line":70,"column":21},"end":{"line":70,"column":null}},"21":{"start":{"line":71,"column":23},"end":{"line":71,"column":null}},"22":{"start":{"line":73,"column":2},"end":{"line":95,"column":null}},"23":{"start":{"line":85,"column":25},"end":{"line":85,"column":null}}},"fnMap":{"0":{"name":"(anonymous_0)","decl":{"start":{"line":14,"column":25},"end":{"line":14,"column":26}},"loc":{"start":{"line":14,"column":51},"end":{"line":30,"column":null}},"line":14},"1":{"name":"(anonymous_1)","decl":{"start":{"line":33,"column":20},"end":{"line":33,"column":21}},"loc":{"start":{"line":33,"column":46},"end":{"line":44,"column":null}},"line":33},"2":{"name":"(anonymous_2)","decl":{"start":{"line":46,"column":45},"end":{"line":46,"column":46}},"loc":{"start":{"line":53,"column":6},"end":{"line":97,"column":null}},"line":53},"3":{"name":"(anonymous_3)","decl":{"start":{"line":85,"column":19},"end":{"line":85,"column":25}},"loc":{"start":{"line":85,"column":25},"end":{"line":85,"column":null}},"line":85}},"branchMap":{"0":{"loc":{"start":{"line":35,"column":2},"end":{"line":43,"column":null}},"type":"if","locations":[{"start":{"line":35,"column":2},"end":{"line":43,"column":null}},{"start":{"line":37,"column":2},"end":{"line":43,"column":null}}],"line":35},"1":{"loc":{"start":{"line":35,"column":6},"end":{"line":35,"column":36}},"type":"binary-expr","locations":[{"start":{"line":35,"column":6},"end":{"line":35,"column":16}},{"start":{"line":35,"column":16},"end":{"line":35,"column":36}}],"line":35},"2":{"loc":{"start":{"line":37,"column":2},"end":{"line":43,"column":null}},"type":"if","locations":[{"start":{"line":37,"column":2},"end":{"line":43,"column":null}},{"start":{"line":39,"column":9},"end":{"line":43,"column":null}}],"line":37},"3":{"loc":{"start":{"line":40,"column":18},"end":{"line":40,"column":null}},"type":"binary-expr","locations":[{"start":{"line":40,"column":18},"end":{"line":40,"column":35}},{"start":{"line":40,"column":35},"end":{"line":40,"column":null}}],"line":40},"4":{"loc":{"start":{"line":41,"column":17},"end":{"line":41,"column":null}},"type":"binary-expr","locations":[{"start":{"line":41,"column":17},"end":{"line":41,"column":49}},{"start":{"line":41,"column":49},"end":{"line":41,"column":null}}],"line":41},"5":{"loc":{"start":{"line":49,"column":2},"end":{"line":49,"column":null}},"type":"default-arg","locations":[{"start":{"line":49,"column":9},"end":{"line":49,"column":null}}],"line":49},"6":{"loc":{"start":{"line":50,"column":2},"end":{"line":50,"column":null}},"type":"default-arg","locations":[{"start":{"line":50,"column":11},"end":{"line":50,"column":null}}],"line":50},"7":{"loc":{"start":{"line":52,"column":2},"end":{"line":52,"column":null}},"type":"default-arg","locations":[{"start":{"line":52,"column":14},"end":{"line":52,"column":null}}],"line":52},"8":{"loc":{"start":{"line":71,"column":23},"end":{"line":71,"column":null}},"type":"binary-expr","locations":[{"start":{"line":71,"column":23},"end":{"line":71,"column":31}},{"start":{"line":71,"column":31},"end":{"line":71,"column":null}}],"line":71},"9":{"loc":{"start":{"line":75,"column":7},"end":{"line":87,"column":null}},"type":"cond-expr","locations":[{"start":{"line":76,"column":8},"end":{"line":80,"column":null}},{"start":{"line":82,"column":8},"end":{"line":87,"column":null}}],"line":75},"10":{"loc":{"start":{"line":84,"column":15},"end":{"line":84,"column":null}},"type":"binary-expr","locations":[{"start":{"line":84,"column":15},"end":{"line":84,"column":22}},{"start":{"line":84,"column":22},"end":{"line":84,"column":null}}],"line":84},"11":{"loc":{"start":{"line":90,"column":7},"end":{"line":93,"column":null}},"type":"binary-expr","locations":[{"start":{"line":90,"column":7},"end":{"line":90,"column":null}},{"start":{"line":91,"column":8},"end":{"line":93,"column":null}}],"line":90}},"s":{"0":1,"1":5,"2":5,"3":5,"4":5,"5":39,"6":5,"7":1,"8":5,"9":5,"10":0,"11":5,"12":1,"13":4,"14":4,"15":4,"16":1,"17":6,"18":6,"19":6,"20":6,"21":6,"22":6,"23":0},"f":{"0":5,"1":5,"2":6,"3":0},"b":{"0":[0,5],"1":[5,5],"2":[1,4],"3":[4,0],"4":[4,0],"5":[6],"6":[6],"7":[6],"8":[6,1],"9":[5,1],"10":[1,1],"11":[6,1]},"meta":{"lastBranch":12,"lastFunction":4,"lastStatement":24,"seen":{"s:14:25:30:Infinity":0,"f:14:25:14:26":0,"s:15:17:22:Infinity":1,"s:24:13:24:Infinity":2,"s:25:2:27:Infinity":3,"s:25:15:25:18":4,"s:26:4:26:Infinity":5,"s:29:2:29:Infinity":6,"s:33:20:44:Infinity":7,"f:33:20:33:21":1,"s:34:16:34:Infinity":8,"b:35:2:43:Infinity:37:2:43:Infinity":0,"s:35:2:43:Infinity":9,"b:35:6:35:16:35:16:35:36":1,"s:36:4:36:Infinity":10,"b:37:2:43:Infinity:39:9:43:Infinity":2,"s:37:2:43:Infinity":11,"s:38:4:38:Infinity":12,"s:40:18:40:Infinity":13,"b:40:18:40:35:40:35:40:Infinity":3,"s:41:17:41:Infinity":14,"b:41:17:41:49:41:49:41:Infinity":4,"s:42:4:42:Infinity":15,"s:46:45:97:Infinity":16,"f:46:45:46:46":2,"b:49:9:49:Infinity":5,"b:50:11:50:Infinity":6,"b:52:14:52:Infinity":7,"s:54:34:54:Infinity":17,"s:56:16:61:Infinity":18,"s:63:22:68:Infinity":19,"s:70:21:70:Infinity":20,"s:71:23:71:Infinity":21,"b:71:23:71:31:71:31:71:Infinity":8,"s:73:2:95:Infinity":22,"b:76:8:80:Infinity:82:8:87:Infinity":9,"b:84:15:84:22:84:22:84:Infinity":10,"f:85:19:85:25":3,"s:85:25:85:Infinity":23,"b:90:7:90:Infinity:91:8:93:Infinity":11}}}
,"/home/runner/work/hyper-local-market/hyper-local-market/services/web/src/components/atoms/Avatar/index.ts": {"path":"/home/runner/work/hyper-local-market/hyper-local-market/services/web/src/components/atoms/Avatar/index.ts","statementMap":{},"fnMap":{},"branchMap":{},"s":{},"f":{},"b":{},"meta":{"lastBranch":0,"lastFunction":0,"lastStatement":0,"seen":{}}}
,"/home/runner/work/hyper-local-market/hyper-local-market/services/web/src/components/atoms/Badge/Badge.tsx": {"path":"/home/runner/work/hyper-local-market/hyper-local-market/services/web/src/components/atoms/Badge/Badge.tsx","statementMap":{"0":{"start":{"line":12,"column":43},"end":{"line":57,"column":null}},"1":{"start":{"line":19,"column":21},"end":{"line":19,"column":null}},"2":{"start":{"line":21,"column":19},"end":{"line":28,"column":null}},"3":{"start":{"line":30,"column":22},"end":{"line":37,"column":null}},"4":{"start":{"line":39,"column":2},"end":{"line":47,"column":null}},"5":{"start":{"line":40,"column":22},"end":{"line":40,"column":null}},"6":{"start":{"line":40,"column":61},"end":{"line":40,"column":82}},"7":{"start":{"line":41,"column":4},"end":{"line":45,"column":null}},"8":{"start":{"line":49,"column":2},"end":{"line":55,"column":null}}},"fnMap":{"0":{"name":"(anonymous_0)","decl":{"start":{"line":12,"column":43},"end":{"line":12,"column":44}},"loc":{"start":{"line":18,"column":6},"end":{"line":57,"column":null}},"line":18},"1":{"name":"(anonymous_1)","decl":{"start":{"line":40,"column":56},"end":{"line":40,"column":61}},"loc":{"start":{"line":40,"column":61},"end":{"line":40,"column":82}},"line":40}},"branchMap":{"0":{"loc":{"start":{"line":13,"column":2},"end":{"line":13,"column":null}},"type":"default-arg","locations":[{"start":{"line":13,"column":12},"end":{"line":13,"column":null}}],"line":13},"1":{"loc":{"start":{"line":14,"column":2},"end":{"line":14,"column":null}},"type":"default-arg","locations":[{"start":{"line":14,"column":8},"end":{"line":14,"column":null}}],"line":14},"2":{"loc":{"start":{"line":17,"column":2},"end":{"line":17,"column":null}},"type":"default-arg","locations":[{"start":{"line":17,"column":14},"end":{"line":17,"column":null}}],"line":17},"3":{"loc":{"start":{"line":39,"column":2},"end":{"line":47,"column":null}},"type":"if","locations":[{"start":{"line":39,"column":2},"end":{"line":47,"column":null}},{"start":{},"end":{}}],"line":39},"4":{"loc":{"start":{"line":40,"column":22},"end":{"line":40,"column":null}},"type":"binary-expr","locations":[{"start":{"line":40,"column":22},"end":{"line":40,"column":87}},{"start":{"line":40,"column":87},"end":{"line":40,"column":null}}],"line":40},"5":{"loc":{"start":{"line":53,"column":7},"end":{"line":53,"column":null}},"type":"binary-expr","locations":[{"start":{"line":53,"column":7},"end":{"line":53,"column":19}},{"start":{"line":53,"column":19},"end":{"line":53,"column":null}}],"line":53}},"s":{"0":1,"1":5,"2":5,"3":5,"4":5,"5":2,"6":4,"7":2,"8":3},"f":{"0":5,"1":4},"b":{"0":[5],"1":[5],"2":[5],"3":[2,3],"4":[2,0],"5":[3,1]},"meta":{"lastBranch":6,"lastFunction":2,"lastStatement":9,"seen":{"s:12:43:57:Infinity":0,"f:12:43:12:44":0,"b:13:12:13:Infinity":0,"b:14:8:14:Infinity":1,"b:17:14:17:Infinity":2,"s:19:21:19:Infinity":1,"s:21:19:28:Infinity":2,"s:30:22:37:Infinity":3,"b:39:2:47:Infinity:undefined:undefined:undefined:undefined":3,"s:39:2:47:Infinity":4,"s:40:22:40:Infinity":5,"b:40:22:40:87:40:87:40:Infinity":4,"f:40:56:40:61":1,"s:40:61:40:82":6,"s:41:4:45:Infinity":7,"s:49:2:55:Infinity":8,"b:53:7:53:19:53:19:53:Infinity":5}}}
,"/home/runner/work/hyper-local-market/hyper-local-market/services/web/src/components/atoms/Badge/index.ts": {"path":"/home/runner/work/hyper-local-market/hyper-local-market/services/web/src/components/atoms/Badge/index.ts","statementMap":{},"fnMap":{},"branchMap":{},"s":{},"f":{},"b":{},"meta":{"lastBranch":0,"lastFunction":0,"lastStatement":0,"seen":{}}}
,"/home/runner/work/hyper-local-market/hyper-local-market/services/web/src/components/atoms/Button/Button.tsx": {"path":"/home/runner/work/hyper-local-market/hyper-local-market/services/web/src/components/atoms/Button/Button.tsx","statementMap":{"0":{"start":{"line":18,"column":45},"end":{"line":67,"column":null}},"1":{"start":{"line":31,"column":21},"end":{"line":31,"column":null}},"2":{"start":{"line":33,"column":19},"end":{"line":37,"column":null}},"3":{"start":{"line":39,"column":16},"end":{"line":43,"column":null}},"4":{"start":{"line":45,"column":21},"end":{"line":45,"column":null}},"5":{"start":{"line":47,"column":2},"end":{"line":65,"column":null}}},"fnMap":{"0":{"name":"(anonymous_0)","decl":{"start":{"line":18,"column":45},"end":{"line":18,"column":46}},"loc":{"start":{"line":30,"column":6},"end":{"line":67,"column":null}},"line":30}},"branchMap":{"0":{"loc":{"start":{"line":19,"column":2},"end":{"line":19,"column":null}},"type":"default-arg","locations":[{"start":{"line":19,"column":12},"end":{"line":19,"column":null}}],"line":19},"1":{"loc":{"start":{"line":20,"column":2},"end":{"line":20,"column":null}},"type":"default-arg","locations":[{"start":{"line":20,"column":9},"end":{"line":20,"column":null}}],"line":20},"2":{"loc":{"start":{"line":23,"column":2},"end":{"line":23,"column":null}},"type":"default-arg","locations":[{"start":{"line":23,"column":13},"end":{"line":23,"column":null}}],"line":23},"3":{"loc":{"start":{"line":24,"column":2},"end":{"line":24,"column":null}},"type":"default-arg","locations":[{"start":{"line":24,"column":14},"end":{"line":24,"column":null}}],"line":24},"4":{"loc":{"start":{"line":25,"column":2},"end":{"line":25,"column":null}},"type":"default-arg","locations":[{"start":{"line":25,"column":9},"end":{"line":25,"column":null}}],"line":25},"5":{"loc":{"start":{"line":26,"column":2},"end":{"line":26,"column":null}},"type":"default-arg","locations":[{"start":{"line":26,"column":14},"end":{"line":26,"column":null}}],"line":26},"6":{"loc":{"start":{"line":29,"column":2},"end":{"line":29,"column":null}},"type":"default-arg","locations":[{"start":{"line":29,"column":14},"end":{"line":29,"column":null}}],"line":29},"7":{"loc":{"start":{"line":45,"column":21},"end":{"line":45,"column":null}},"type":"cond-expr","locations":[{"start":{"line":45,"column":33},"end":{"line":45,"column":44}},{"start":{"line":45,"column":44},"end":{"line":45,"column":null}}],"line":45},"8":{"loc":{"start":{"line":51,"column":16},"end":{"line":51,"column":null}},"type":"binary-expr","locations":[{"start":{"line":51,"column":16},"end":{"line":51,"column":28}},{"start":{"line":51,"column":28},"end":{"line":51,"column":null}}],"line":51},"9":{"loc":{"start":{"line":54,"column":7},"end":{"line":63,"column":null}},"type":"cond-expr","locations":[{"start":{"line":55,"column":8},"end":{"line":57,"column":null}},{"start":{"line":59,"column":8},"end":{"line":63,"column":null}}],"line":54},"10":{"loc":{"start":{"line":60,"column":11},"end":{"line":60,"column":null}},"type":"binary-expr","locations":[{"start":{"line":60,"column":11},"end":{"line":60,"column":23}},{"start":{"line":60,"column":23},"end":{"line":60,"column":null}}],"line":60},"11":{"loc":{"start":{"line":62,"column":11},"end":{"line":62,"column":null}},"type":"binary-expr","locations":[{"start":{"line":62,"column":11},"end":{"line":62,"column":24}},{"start":{"line":62,"column":24},"end":{"line":62,"column":null}}],"line":62}},"s":{"0":1,"1":6,"2":6,"3":6,"4":6,"5":6},"f":{"0":6},"b":{"0":[6],"1":[6],"2":[6],"3":[6],"4":[6],"5":[6],"6":[6],"7":[1,5],"8":[6,5],"9":[1,5],"10":[5,1],"11":[5,1]},"meta":{"lastBranch":12,"lastFunction":1,"lastStatement":6,"seen":{"s:18:45:67:Infinity":0,"f:18:45:18:46":0,"b:19:12:19:Infinity":0,"b:20:9:20:Infinity":1,"b:23:13:23:Infinity":2,"b:24:14:24:Infinity":3,"b:25:9:25:Infinity":4,"b:26:14:26:Infinity":5,"b:29:14:29:Infinity":6,"s:31:21:31:Infinity":1,"s:33:19:37:Infinity":2,"s:39:16:43:Infinity":3,"s:45:21:45:Infinity":4,"b:45:33:45:44:45:44:45:Infinity":7,"s:47:2:65:Infinity":5,"b:51:16:51:28:51:28:51:Infinity":8,"b:55:8:57:Infinity:59:8:63:Infinity":9,"b:60:11:60:23:60:23:60:Infinity":10,"b:62:11:62:24:62:24:62:Infinity":11}}}
,"/home/runner/work/hyper-local-market/hyper-local-market/services/web/src/components/atoms/Button/index.ts": {"path":"/home/runner/work/hyper-local-market/hyper-local-market/services/web/src/components/atoms/Button/index.ts","statementMap":{},"fnMap":{},"branchMap":{},"s":{},"f":{},"b":{},"meta":{"lastBranch":0,"lastFunction":0,"lastStatement":0,"seen":{}}}
,"/home/runner/work/hyper-local-market/hyper-local-market/services/web/src/components/atoms/Icon/Icon.tsx": {"path":"/home/runner/work/hyper-local-market/hyper-local-market/services/web/src/components/atoms/Icon/Icon.tsx","statementMap":{"0":{"start":{"line":12,"column":41},"end":{"line":44,"column":null}},"1":{"start":{"line":18,"column":18},"end":{"line":23,"column":null}},"2":{"start":{"line":25,"column":19},"end":{"line":32,"column":null}},"3":{"start":{"line":34,"column":2},"end":{"line":36,"column":null}},"4":{"start":{"line":35,"column":4},"end":{"line":35,"column":null}},"5":{"start":{"line":38,"column":2},"end":{"line":42,"column":null}}},"fnMap":{"0":{"name":"(anonymous_0)","decl":{"start":{"line":12,"column":41},"end":{"line":12,"column":42}},"loc":{"start":{"line":17,"column":6},"end":{"line":44,"column":null}},"line":17}},"branchMap":{"0":{"loc":{"start":{"line":14,"column":2},"end":{"line":14,"column":null}},"type":"default-arg","locations":[{"start":{"line":14,"column":9},"end":{"line":14,"column":null}}],"line":14},"1":{"loc":{"start":{"line":15,"column":2},"end":{"line":15,"column":null}},"type":"default-arg","locations":[{"start":{"line":15,"column":10},"end":{"line":15,"column":null}}],"line":15},"2":{"loc":{"start":{"line":16,"column":2},"end":{"line":16,"column":null}},"type":"default-arg","locations":[{"start":{"line":16,"column":14},"end":{"line":16,"column":null}}],"line":16},"3":{"loc":{"start":{"line":34,"column":2},"end":{"line":36,"column":null}},"type":"if","locations":[{"start":{"line":34,"column":2},"end":{"line":36,"column":null}},{"start":{},"end":{}}],"line":34}},"s":{"0":1,"1":4,"2":4,"3":4,"4":0,"5":4},"f":{"0":4},"b":{"0":[4],"1":[4],"2":[4],"3":[0,4]},"meta":{"lastBranch":4,"lastFunction":1,"lastStatement":6,"seen":{"s:12:41:44:Infinity":0,"f:12:41:12:42":0,"b:14:9:14:Infinity":0,"b:15:10:15:Infinity":1,"b:16:14:16:Infinity":2,"s:18:18:23:Infinity":1,"s:25:19:32:Infinity":2,"b:34:2:36:Infinity:undefined:undefined:undefined:undefined":3,"s:34:2:36:Infinity":3,"s:35:4:35:Infinity":4,"s:38:2:42:Infinity":5}}}
,"/home/runner/work/hyper-local-market/hyper-local-market/services/web/src/components/atoms/Icon/index.ts": {"path":"/home/runner/work/hyper-local-market/hyper-local-market/services/web/src/components/atoms/Icon/index.ts","statementMap":{},"fnMap":{},"branchMap":{},"s":{},"f":{},"b":{},"meta":{"lastBranch":0,"lastFunction":0,"lastStatement":0,"seen":{}}}
,"/home/runner/work/hyper-local-market/hyper-local-market/services/web/src/components/atoms/Input/Input.tsx": {"path":"/home/runner/work/hyper-local-market/hyper-local-market/services/web/src/components/atoms/Input/Input.tsx","statementMap":{"0":{"start":{"line":13,"column":21},"end":{"line":77,"column":null}},"1":{"start":{"line":24,"column":23},"end":{"line":24,"column":null}},"2":{"start":{"line":26,"column":24},"end":{"line":28,"column":null}},"3":{"start":{"line":30,"column":18},"end":{"line":34,"column":null}},"4":{"start":{"line":36,"column":29},"end":{"line":42,"column":null}},"5":{"start":{"line":44,"column":26},"end":{"line":44,"column":null}},"6":{"start":{"line":46,"column":4},"end":{"line":74,"column":null}},"7":{"start":{"line":79,"column":0},"end":{"line":79,"column":null}}},"fnMap":{"0":{"name":"(anonymous_0)","decl":{"start":{"line":14,"column":2},"end":{"line":14,"column":3}},"loc":{"start":{"line":23,"column":13},"end":{"line":76,"column":null}},"line":23}},"branchMap":{"0":{"loc":{"start":{"line":15,"column":4},"end":{"line":15,"column":null}},"type":"default-arg","locations":[{"start":{"line":15,"column":11},"end":{"line":15,"column":null}}],"line":15},"1":{"loc":{"start":{"line":20,"column":4},"end":{"line":20,"column":null}},"type":"default-arg","locations":[{"start":{"line":20,"column":16},"end":{"line":20,"column":null}}],"line":20},"2":{"loc":{"start":{"line":21,"column":4},"end":{"line":21,"column":null}},"type":"default-arg","locations":[{"start":{"line":21,"column":15},"end":{"line":21,"column":null}}],"line":21},"3":{"loc":{"start":{"line":26,"column":24},"end":{"line":28,"column":null}},"type":"cond-expr","locations":[{"start":{"line":27,"column":8},"end":{"line":27,"column":null}},{"start":{"line":28,"column":8},"end":{"line":28,"column":null}}],"line":26},"4":{"loc":{"start":{"line":36,"column":29},"end":{"line":42,"column":null}},"type":"cond-expr","locations":[{"start":{"line":37,"column":8},"end":{"line":37,"column":null}},{"start":{"line":38,"column":8},"end":{"line":42,"column":null}}],"line":36},"5":{"loc":{"start":{"line":36,"column":29},"end":{"line":36,"column":null}},"type":"binary-expr","locations":[{"start":{"line":36,"column":29},"end":{"line":36,"column":41}},{"start":{"line":36,"column":41},"end":{"line":36,"column":null}}],"line":36},"6":{"loc":{"start":{"line":38,"column":8},"end":{"line":42,"column":null}},"type":"cond-expr","locations":[{"start":{"line":39,"column":8},"end":{"line":39,"column":null}},{"start":{"line":40,"column":8},"end":{"line":42,"column":null}}],"line":38},"7":{"loc":{"start":{"line":40,"column":8},"end":{"line":42,"column":null}},"type":"cond-expr","locations":[{"start":{"line":41,"column":8},"end":{"line":41,"column":null}},{"start":{"line":42,"column":8},"end":{"line":42,"column":null}}],"line":40},"8":{"loc":{"start":{"line":44,"column":26},"end":{"line":44,"column":null}},"type":"cond-expr","locations":[{"start":{"line":44,"column":37},"end":{"line":44,"column":86}},{"start":{"line":44,"column":86},"end":{"line":44,"column":null}}],"line":44},"9":{"loc":{"start":{"line":48,"column":9},"end":{"line":51,"column":null}},"type":"binary-expr","locations":[{"start":{"line":48,"column":9},"end":{"line":48,"column":null}},{"start":{"line":49,"column":10},"end":{"line":51,"column":null}}],"line":48},"10":{"loc":{"start":{"line":54,"column":11},"end":{"line":57,"column":null}},"type":"binary-expr","locations":[{"start":{"line":54,"column":11},"end":{"line":54,"column":null}},{"start":{"line":55,"column":12},"end":{"line":57,"column":null}}],"line":54},"11":{"loc":{"start":{"line":65,"column":11},"end":{"line":68,"column":null}},"type":"binary-expr","locations":[{"start":{"line":65,"column":11},"end":{"line":65,"column":null}},{"start":{"line":66,"column":12},"end":{"line":68,"column":null}}],"line":65},"12":{"loc":{"start":{"line":71,"column":9},"end":{"line":72,"column":null}},"type":"binary-expr","locations":[{"start":{"line":71,"column":9},"end":{"line":71,"column":null}},{"start":{"line":72,"column":10},"end":{"line":72,"column":null}}],"line":71}},"s":{"0":1,"1":7,"2":7,"3":7,"4":7,"5":7,"6":7,"7":1},"f":{"0":7},"b":{"0":[7],"1":[7],"2":[7],"3":[1,6],"4":[0,7],"5":[7,1],"6":[1,6],"7":[1,5],"8":[1,6],"9":[7,1],"10":[7,1],"11":[7,1],"12":[7,1]},"meta":{"lastBranch":13,"lastFunction":1,"lastStatement":8,"seen":{"s:13:21:77:Infinity":0,"f:14:2:14:3":0,"b:15:11:15:Infinity":0,"b:20:16:20:Infinity":1,"b:21:15:21:Infinity":2,"s:24:23:24:Infinity":1,"s:26:24:28:Infinity":2,"b:27:8:27:Infinity:28:8:28:Infinity":3,"s:30:18:34:Infinity":3,"s:36:29:42:Infinity":4,"b:37:8:37:Infinity:38:8:42:Infinity":4,"b:36:29:36:41:36:41:36:Infinity":5,"b:39:8:39:Infinity:40:8:42:Infinity":6,"b:41:8:41:Infinity:42:8:42:Infinity":7,"s:44:26:44:Infinity":5,"b:44:37:44:86:44:86:44:Infinity":8,"s:46:4:74:Infinity":6,"b:48:9:48:Infinity:49:10:51:Infinity":9,"b:54:11:54:Infinity:55:12:57:Infinity":10,"b:65:11:65:Infinity:66:12:68:Infinity":11,"b:71:9:71:Infinity:72:10:72:Infinity":12,"s:79:0:79:Infinity":7}}}
,"/home/runner/work/hyper-local-market/hyper-local-market/services/web/src/components/atoms/Input/index.ts": {"path":"/home/runner/work/hyper-local-market/hyper-local-market/services/web/src/components/atoms/Input/index.ts","statementMap":{},"fnMap":{},"branchMap":{},"s":{},"f":{},"b":{},"meta":{"lastBranch":0,"lastFunction":0,"lastStatement":0,"seen":{}}}
,"/home/runner/work/hyper-local-market/hyper-local-market/services/web/src/components/atoms/Spinner/Spinner.tsx": {"path":"/home/runner/work/hyper-local-market/hyper-local-market/services/web/src/components/atoms/Spinner/Spinner.tsx","statementMap":{"0":{"start":{"line":10,"column":47},"end":{"line":36,"column":null}},"1":{"start":{"line":15,"column":16},"end":{"line":20,"column":null}},"2":{"start":{"line":22,"column":2},"end":{"line":34,"column":null}}},"fnMap":{"0":{"name":"(anonymous_0)","decl":{"start":{"line":10,"column":47},"end":{"line":10,"column":48}},"loc":{"start":{"line":14,"column":6},"end":{"line":36,"column":null}},"line":14}},"branchMap":{"0":{"loc":{"start":{"line":11,"column":2},"end":{"line":11,"column":null}},"type":"default-arg","locations":[{"start":{"line":11,"column":9},"end":{"line":11,"column":null}}],"line":11},"1":{"loc":{"start":{"line":13,"column":2},"end":{"line":13,"column":null}},"type":"default-arg","locations":[{"start":{"line":13,"column":14},"end":{"line":13,"column":null}}],"line":13},"2":{"loc":{"start":{"line":31,"column":7},"end":{"line":32,"column":null}},"type":"binary-expr","locations":[{"start":{"line":31,"column":7},"end":{"line":31,"column":null}},{"start":{"line":32,"column":8},"end":{"line":32,"column":null}}],"line":31}},"s":{"0":1,"1":4,"2":4},"f":{"0":4},"b":{"0":[4],"1":[4],"2":[4,1]},"meta":{"lastBranch":3,"lastFunction":1,"lastStatement":3,"seen":{"s:10:47:36:Infinity":0,"f:10:47:10:48":0,"b:11:9:11:Infinity":0,"b:13:14:13:Infinity":1,"s:15:16:20:Infinity":1,"s:22:2:34:Infinity":2,"b:31:7:31:Infinity:32:8:32:Infinity":2}}}
,"/home/runner/work/hyper-local-market/hyper-local-market/services/web/src/components/atoms/Spinner/index.ts": {"path":"/home/runner/work/hyper-local-market/hyper-local-market/services/web/src/components/atoms/Spinner/index.ts","statementMap":{},"fnMap":{},"branchMap":{},"s":{},"f":{},"b":{},"meta":{"lastBranch":0,"lastFunction":0,"lastStatement":0,"seen":{}}}
,"/home/runner/work/hyper-local-market/hyper-local-market/services/web/src/components/atoms/Typography/Typography.tsx": {"path":"/home/runner/work/hyper-local-market/hyper-local-market/services/web/src/components/atoms/Typography/Typography.tsx","statementMap":{"0":{"start":{"line":13,"column":53},"end":{"line":65,"column":null}},"1":{"start":{"line":22,"column":21},"end":{"line":30,"column":null}},"2":{"start":{"line":32,"column":19},"end":{"line":38,"column":null}},"3":{"start":{"line":40,"column":20},"end":{"line":45,"column":null}},"4":{"start":{"line":47,"column":21},"end":{"line":47,"column":null}},"5":{"start":{"line":48,"column":25},"end":{"line":48,"column":null}},"6":{"start":{"line":51,"column":22},"end":{"line":54,"column":null}},"7":{"start":{"line":53,"column":18},"end":{"line":53,"column":70}},"8":{"start":{"line":56,"column":21},"end":{"line":56,"column":null}},"9":{"start":{"line":56,"column":89},"end":{"line":56,"column":110}},"10":{"start":{"line":58,"column":2},"end":{"line":63,"column":null}}},"fnMap":{"0":{"name":"(anonymous_0)","decl":{"start":{"line":13,"column":53},"end":{"line":13,"column":54}},"loc":{"start":{"line":20,"column":6},"end":{"line":65,"column":null}},"line":20},"1":{"name":"(anonymous_1)","decl":{"start":{"line":53,"column":13},"end":{"line":53,"column":18}},"loc":{"start":{"line":53,"column":18},"end":{"line":53,"column":70}},"line":53},"2":{"name":"(anonymous_2)","decl":{"start":{"line":56,"column":84},"end":{"line":56,"column":89}},"loc":{"start":{"line":56,"column":89},"end":{"line":56,"column":110}},"line":56}},"branchMap":{"0":{"loc":{"start":{"line":14,"column":2},"end":{"line":14,"column":null}},"type":"default-arg","locations":[{"start":{"line":14,"column":12},"end":{"line":14,"column":null}}],"line":14},"1":{"loc":{"start":{"line":15,"column":2},"end":{"line":15,"column":null}},"type":"default-arg","locations":[{"start":{"line":15,"column":10},"end":{"line":15,"column":null}}],"line":15},"2":{"loc":{"start":{"line":19,"column":2},"end":{"line":19,"column":null}},"type":"default-arg","locations":[{"start":{"line":19,"column":14},"end":{"line":19,"column":null}}],"line":19},"3":{"loc":{"start":{"line":47,"column":21},"end":{"line":47,"column":null}},"type":"binary-expr","locations":[{"start":{"line":47,"column":21},"end":{"line":47,"column":27}},{"start":{"line":47,"column":27},"end":{"line":47,"column":59}},{"start":{"line":47,"column":59},"end":{"line":47,"column":null}}],"line":47},"4":{"loc":{"start":{"line":53,"column":18},"end":{"line":53,"column":70}},"type":"binary-expr","locations":[{"start":{"line":53,"column":18},"end":{"line":53,"column":48}},{"start":{"line":53,"column":48},"end":{"line":53,"column":70}}],"line":53},"5":{"loc":{"start":{"line":56,"column":21},"end":{"line":56,"column":null}},"type":"cond-expr","locations":[{"start":{"line":56,"column":30},"end":{"line":56,"column":51}},{"start":{"line":56,"column":51},"end":{"line":56,"column":null}}],"line":56},"6":{"loc":{"start":{"line":56,"column":51},"end":{"line":56,"column":null}},"type":"binary-expr","locations":[{"start":{"line":56,"column":51},"end":{"line":56,"column":115}},{"start":{"line":56,"column":115},"end":{"line":56,"column":null}}],"line":56}},"s":{"0":1,"1":6,"2":6,"3":6,"4":6,"5":6,"6":6,"7":20,"8":6,"9":10,"10":6},"f":{"0":6,"1":20,"2":10},"b":{"0":[6],"1":[6],"2":[6],"3":[6,5,0],"4":[20,14],"5":[1,5],"6":[5,0]},"meta":{"lastBranch":7,"lastFunction":3,"lastStatement":11,"seen":{"s:13:53:65:Infinity":0,"f:13:53:13:54":0,"b:14:12:14:Infinity":0,"b:15:10:15:Infinity":1,"b:19:14:19:Infinity":2,"s:22:21:30:Infinity":1,"s:32:19:38:Infinity":2,"s:40:20:45:Infinity":3,"s:47:21:47:Infinity":4,"b:47:21:47:27:47:27:47:59:47:59:47:Infinity":3,"s:48:25:48:Infinity":5,"s:51:22:54:Infinity":6,"f:53:13:53:18":1,"s:53:18:53:70":7,"b:53:18:53:48:53:48:53:70":4,"s:56:21:56:Infinity":8,"b:56:30:56:51:56:51:56:Infinity":5,"b:56:51:56:115:56:115:56:Infinity":6,"f:56:84:56:89":2,"s:56:89:56:110":9,"s:58:2:63:Infinity":10}}}
,"/home/runner/work/hyper-local-market/hyper-local-market/services/web/src/components/atoms/Typography/index.ts": {"path":"/home/runner/work/hyper-local-market/hyper-local-market/services/web/src/components/atoms/Typography/index.ts","statementMap":{},"fnMap":{},"branchMap":{},"s":{},"f":{},"b":{},"meta":{"lastBranch":0,"lastFunction":0,"lastStatement":0,"seen":{}}}
}
