TN:
SF:src/components/atoms/index.ts
FNF:0
FNH:0
LF:0
LH:0
BRF:0
BRH:0
end_of_record
TN:
SF:src/components/atoms/Avatar/Avatar.tsx
FN:14,(anonymous_0)
FN:33,(anonymous_1)
FN:46,(anonymous_2)
FN:85,(anonymous_3)
FNF:4
FNH:3
FNDA:5,(anonymous_0)
FNDA:5,(anonymous_1)
FNDA:6,(anonymous_2)
FNDA:0,(anonymous_3)
DA:14,1
DA:15,5
DA:24,5
DA:25,5
DA:26,39
DA:29,5
DA:33,1
DA:34,5
DA:35,5
DA:36,0
DA:37,5
DA:38,1
DA:40,4
DA:41,4
DA:42,4
DA:46,1
DA:54,6
DA:56,6
DA:63,6
DA:70,6
DA:71,6
DA:73,6
DA:85,0
LF:23
LH:21
BRDA:35,0,0,0
BRDA:35,0,1,5
BRDA:35,1,0,5
BRDA:35,1,1,5
BRDA:37,2,0,1
BRDA:37,2,1,4
BRDA:40,3,0,4
BRDA:40,3,1,0
BRDA:41,4,0,4
BRDA:41,4,1,0
BRDA:49,5,0,6
BRDA:50,6,0,6
BRDA:52,7,0,6
BRDA:71,8,0,6
BRDA:71,8,1,1
BRDA:75,9,0,5
BRDA:75,9,1,1
BRDA:84,10,0,1
BRDA:84,10,1,1
BRDA:90,11,0,6
BRDA:90,11,1,1
BRF:21
BRH:18
end_of_record
TN:
SF:src/components/atoms/Avatar/index.ts
FNF:0
FNH:0
LF:0
LH:0
BRF:0
BRH:0
end_of_record
TN:
SF:src/components/atoms/Badge/Badge.tsx
FN:12,(anonymous_0)
FN:40,(anonymous_1)
FNF:2
FNH:2
FNDA:5,(anonymous_0)
FNDA:4,(anonymous_1)
DA:12,1
DA:19,5
DA:21,5
DA:30,5
DA:39,5
DA:40,4
DA:41,2
DA:49,3
LF:8
LH:8
BRDA:13,0,0,5
BRDA:14,1,0,5
BRDA:17,2,0,5
BRDA:39,3,0,2
BRDA:39,3,1,3
BRDA:40,4,0,2
BRDA:40,4,1,0
BRDA:53,5,0,3
BRDA:53,5,1,1
BRF:9
BRH:8
end_of_record
TN:
SF:src/components/atoms/Badge/index.ts
FNF:0
FNH:0
LF:0
LH:0
BRF:0
BRH:0
end_of_record
TN:
SF:src/components/atoms/Button/Button.tsx
FN:18,(anonymous_0)
FNF:1
FNH:1
FNDA:6,(anonymous_0)
DA:18,1
DA:31,6
DA:33,6
DA:39,6
DA:45,6
DA:47,6
LF:6
LH:6
BRDA:19,0,0,6
BRDA:20,1,0,6
BRDA:23,2,0,6
BRDA:24,3,0,6
BRDA:25,4,0,6
BRDA:26,5,0,6
BRDA:29,6,0,6
BRDA:45,7,0,1
BRDA:45,7,1,5
BRDA:51,8,0,6
BRDA:51,8,1,5
BRDA:54,9,0,1
BRDA:54,9,1,5
BRDA:60,10,0,5
BRDA:60,10,1,1
BRDA:62,11,0,5
BRDA:62,11,1,1
BRF:17
BRH:17
end_of_record
TN:
SF:src/components/atoms/Button/index.ts
FNF:0
FNH:0
LF:0
LH:0
BRF:0
BRH:0
end_of_record
TN:
SF:src/components/atoms/Icon/Icon.tsx
FN:12,(anonymous_0)
FNF:1
FNH:1
FNDA:4,(anonymous_0)
DA:12,1
DA:18,4
DA:25,4
DA:34,4
DA:35,0
DA:38,4
LF:6
LH:5
BRDA:14,0,0,4
BRDA:15,1,0,4
BRDA:16,2,0,4
BRDA:34,3,0,0
BRDA:34,3,1,4
BRF:5
BRH:4
end_of_record
TN:
SF:src/components/atoms/Icon/index.ts
FNF:0
FNH:0
LF:0
LH:0
BRF:0
BRH:0
end_of_record
TN:
SF:src/components/atoms/Input/Input.tsx
FN:14,(anonymous_0)
FNF:1
FNH:1
FNDA:7,(anonymous_0)
DA:13,1
DA:24,7
DA:26,7
DA:30,7
DA:36,7
DA:44,7
DA:46,7
DA:79,1
LF:8
LH:8
BRDA:15,0,0,7
BRDA:20,1,0,7
BRDA:21,2,0,7
BRDA:26,3,0,1
BRDA:26,3,1,6
BRDA:36,4,0,0
BRDA:36,4,1,7
BRDA:36,5,0,7
BRDA:36,5,1,1
BRDA:38,6,0,1
BRDA:38,6,1,6
BRDA:40,7,0,1
BRDA:40,7,1,5
BRDA:44,8,0,1
BRDA:44,8,1,6
BRDA:48,9,0,7
BRDA:48,9,1,1
BRDA:54,10,0,7
BRDA:54,10,1,1
BRDA:65,11,0,7
BRDA:65,11,1,1
BRDA:71,12,0,7
BRDA:71,12,1,1
BRF:23
BRH:22
end_of_record
TN:
SF:src/components/atoms/Input/index.ts
FNF:0
FNH:0
LF:0
LH:0
BRF:0
BRH:0
end_of_record
TN:
SF:src/components/atoms/Spinner/Spinner.tsx
FN:10,(anonymous_0)
FNF:1
FNH:1
FNDA:4,(anonymous_0)
DA:10,1
DA:15,4
DA:22,4
LF:3
LH:3
BRDA:11,0,0,4
BRDA:13,1,0,4
BRDA:31,2,0,4
BRDA:31,2,1,1
BRF:4
BRH:4
end_of_record
TN:
SF:src/components/atoms/Spinner/index.ts
FNF:0
FNH:0
LF:0
LH:0
BRF:0
BRH:0
end_of_record
TN:
SF:src/components/atoms/Typography/Typography.tsx
FN:13,(anonymous_0)
FN:53,(anonymous_1)
FN:56,(anonymous_2)
FNF:3
FNH:3
FNDA:6,(anonymous_0)
FNDA:20,(anonymous_1)
FNDA:10,(anonymous_2)
DA:13,1
DA:22,6
DA:32,6
DA:40,6
DA:47,6
DA:48,6
DA:51,6
DA:53,20
DA:56,10
DA:58,6
LF:10
LH:10
BRDA:14,0,0,6
BRDA:15,1,0,6
BRDA:19,2,0,6
BRDA:47,3,0,6
BRDA:47,3,1,5
BRDA:47,3,2,0
BRDA:53,4,0,20
BRDA:53,4,1,14
BRDA:56,5,0,1
BRDA:56,5,1,5
BRDA:56,6,0,5
BRDA:56,6,1,0
BRF:12
BRH:10
end_of_record
TN:
SF:src/components/atoms/Typography/index.ts
FNF:0
FNH:0
LF:0
LH:0
BRF:0
BRH:0
end_of_record
